find_header: checking for float.h... -------------------- yes

"clang -o conftest -I/usr/local/rvm/rubies/ruby-1.9.3-p125/include/ruby-1.9.1/x86_64-darwin11.3.0 -I/usr/local/rvm/rubies/ruby-1.9.3-p125/include/ruby-1.9.1/ruby/backward -I/usr/local/rvm/rubies/ruby-1.9.3-p125/include/ruby-1.9.1 -I. -I/usr/local/rvm/usr/include -D_XOPEN_SOURCE -D_DARWIN_C_SOURCE    -O3 -g -Wextra -Wno-unused-parameter -Wno-parentheses -Wno-long-long -Wno-missing-field-initializers -Wpointer-arith -Wwrite-strings -Wdeclaration-after-statement -Wshorten-64-to-32 -Wimplicit-function-declaration  -fno-common -pipe conftest.c  -L. -L/usr/local/rvm/rubies/ruby-1.9.3-p125/lib -L/usr/local/rvm/usr/lib -L. -L/usr/local/lib     -lruby.1.9.1  -lpthread -ldl -lobjc "
checked program was:
/* begin */
1: #include "ruby.h"
2: 
3: int main() {return 0;}
/* end */

"clang -E -I/usr/local/rvm/rubies/ruby-1.9.3-p125/include/ruby-1.9.1/x86_64-darwin11.3.0 -I/usr/local/rvm/rubies/ruby-1.9.3-p125/include/ruby-1.9.1/ruby/backward -I/usr/local/rvm/rubies/ruby-1.9.3-p125/include/ruby-1.9.1 -I. -I/usr/local/rvm/usr/include -D_XOPEN_SOURCE -D_DARWIN_C_SOURCE    -O3 -g -Wextra -Wno-unused-parameter -Wno-parentheses -Wno-long-long -Wno-missing-field-initializers -Wpointer-arith -Wwrite-strings -Wdeclaration-after-statement -Wshorten-64-to-32 -Wimplicit-function-declaration  -fno-common -pipe  conftest.c -o conftest.i"
checked program was:
/* begin */
1: #include "ruby.h"
2: 
3: #include <float.h>
/* end */

--------------------

find_header: checking for ruby.h... -------------------- yes

"clang -E -I/usr/local/rvm/rubies/ruby-1.9.3-p125/include/ruby-1.9.1/x86_64-darwin11.3.0 -I/usr/local/rvm/rubies/ruby-1.9.3-p125/include/ruby-1.9.1/ruby/backward -I/usr/local/rvm/rubies/ruby-1.9.3-p125/include/ruby-1.9.1 -I. -I/usr/local/rvm/usr/include -D_XOPEN_SOURCE -D_DARWIN_C_SOURCE    -O3 -g -Wextra -Wno-unused-parameter -Wno-parentheses -Wno-long-long -Wno-missing-field-initializers -Wpointer-arith -Wwrite-strings -Wdeclaration-after-statement -Wshorten-64-to-32 -Wimplicit-function-declaration  -fno-common -pipe  conftest.c -o conftest.i"
checked program was:
/* begin */
1: #include "ruby.h"
2: 
3: #include <ruby.h>
/* end */

--------------------

find_header: checking for stdlib.h... -------------------- yes

"clang -E -I/usr/local/rvm/rubies/ruby-1.9.3-p125/include/ruby-1.9.1/x86_64-darwin11.3.0 -I/usr/local/rvm/rubies/ruby-1.9.3-p125/include/ruby-1.9.1/ruby/backward -I/usr/local/rvm/rubies/ruby-1.9.3-p125/include/ruby-1.9.1 -I. -I/usr/local/rvm/usr/include -D_XOPEN_SOURCE -D_DARWIN_C_SOURCE    -O3 -g -Wextra -Wno-unused-parameter -Wno-parentheses -Wno-long-long -Wno-missing-field-initializers -Wpointer-arith -Wwrite-strings -Wdeclaration-after-statement -Wshorten-64-to-32 -Wimplicit-function-declaration  -fno-common -pipe  conftest.c -o conftest.i"
checked program was:
/* begin */
1: #include "ruby.h"
2: 
3: #include <stdlib.h>
/* end */

--------------------

find_header: checking for string.h... -------------------- yes

"clang -E -I/usr/local/rvm/rubies/ruby-1.9.3-p125/include/ruby-1.9.1/x86_64-darwin11.3.0 -I/usr/local/rvm/rubies/ruby-1.9.3-p125/include/ruby-1.9.1/ruby/backward -I/usr/local/rvm/rubies/ruby-1.9.3-p125/include/ruby-1.9.1 -I. -I/usr/local/rvm/usr/include -D_XOPEN_SOURCE -D_DARWIN_C_SOURCE    -O3 -g -Wextra -Wno-unused-parameter -Wno-parentheses -Wno-long-long -Wno-missing-field-initializers -Wpointer-arith -Wwrite-strings -Wdeclaration-after-statement -Wshorten-64-to-32 -Wimplicit-function-declaration  -fno-common -pipe  conftest.c -o conftest.i"
checked program was:
/* begin */
1: #include "ruby.h"
2: 
3: #include <string.h>
/* end */

--------------------

have_library: checking for pthread_create() in -lpthread... -------------------- yes

"clang -o conftest -I/usr/local/rvm/rubies/ruby-1.9.3-p125/include/ruby-1.9.1/x86_64-darwin11.3.0 -I/usr/local/rvm/rubies/ruby-1.9.3-p125/include/ruby-1.9.1/ruby/backward -I/usr/local/rvm/rubies/ruby-1.9.3-p125/include/ruby-1.9.1 -I. -I/usr/local/rvm/usr/include -D_XOPEN_SOURCE -D_DARWIN_C_SOURCE    -O3 -g -Wextra -Wno-unused-parameter -Wno-parentheses -Wno-long-long -Wno-missing-field-initializers -Wpointer-arith -Wwrite-strings -Wdeclaration-after-statement -Wshorten-64-to-32 -Wimplicit-function-declaration  -fno-common -pipe conftest.c  -L. -L/usr/local/rvm/rubies/ruby-1.9.3-p125/lib -L/usr/local/rvm/usr/lib -L. -L/usr/local/lib     -lruby.1.9.1 -lpthread  -lpthread -ldl -lobjc "
conftest.c:5:53: error: use of undeclared identifier 'pthread_create'
int t() { void ((*volatile p)()); p = (void ((*)()))pthread_create; return 0; }
                                                    ^
1 error generated.
checked program was:
/* begin */
1: #include "ruby.h"
2: 
3: /*top*/
4: int main() {return 0;}
5: int t() { void ((*volatile p)()); p = (void ((*)()))pthread_create; return 0; }
/* end */

"clang -o conftest -I/usr/local/rvm/rubies/ruby-1.9.3-p125/include/ruby-1.9.1/x86_64-darwin11.3.0 -I/usr/local/rvm/rubies/ruby-1.9.3-p125/include/ruby-1.9.1/ruby/backward -I/usr/local/rvm/rubies/ruby-1.9.3-p125/include/ruby-1.9.1 -I. -I/usr/local/rvm/usr/include -D_XOPEN_SOURCE -D_DARWIN_C_SOURCE    -O3 -g -Wextra -Wno-unused-parameter -Wno-parentheses -Wno-long-long -Wno-missing-field-initializers -Wpointer-arith -Wwrite-strings -Wdeclaration-after-statement -Wshorten-64-to-32 -Wimplicit-function-declaration  -fno-common -pipe conftest.c  -L. -L/usr/local/rvm/rubies/ruby-1.9.3-p125/lib -L/usr/local/rvm/usr/lib -L. -L/usr/local/lib     -lruby.1.9.1 -lpthread  -lpthread -ldl -lobjc "
conftest.c:5:11: warning: implicit declaration of function 'pthread_create' is invalid in C99 [-Wimplicit-function-declaration]
int t() { pthread_create(); return 0; }
          ^
1 warning generated.
checked program was:
/* begin */
1: #include "ruby.h"
2: 
3: /*top*/
4: int main() {return 0;}
5: int t() { pthread_create(); return 0; }
/* end */

--------------------

